<?xml version="1.0" encoding="UTF-8"?>
<testsuite name="CinemaTests" tests="1" skipped="0" failures="0" errors="0" timestamp="2024-11-03T00:56:22" hostname="DESKTOP-63HKFMB" time="8.147">
  <properties/>
  <testcase name="start" classname="CinemaTests" time="8.147"/>
  <system-out><![CDATA[?[1;31m
Start test 1?[0m
?[0;34m
?[0m?[0;34m  .   ____          _            __ _ _
?[0m?[0;34m /\\ / ___'_ __ _ _(_)_ __  __ _ \ \ \ \
?[0m?[0;34m( ( )\___ | '_ | '_| | '_ \/ _` | \ \ \ \
?[0m?[0;34m \\/  ___)| |_)| | | | | || (_| |  ) ) ) )
?[0m?[0;34m  '  |____| .__|_| |_|_| |_\__, | / / / /
?[0m?[0;34m =========|_|==============|___/=/_/_/_/
?[0m?[0;34m :: Spring Boot ::                (v3.2.0)
?[0m?[0;34m
?[0m?[0;34m2024-11-02T20:56:23.803-04:00  INFO 22420 --- [    Test worker] cinema.Main                              : Starting Main using Java 21.0.5 with PID 22420 (started by Dillu in E:\PracticeApplications\Cinema Room REST Service with Java\Cinema Room REST Service with Java\task)
?[0m?[0;34m2024-11-02T20:56:23.810-04:00  INFO 22420 --- [    Test worker] cinema.Main                              : No active profile set, falling back to 1 default profile: "default"
?[0m?[0;34m2024-11-02T20:56:26.972-04:00  INFO 22420 --- [    Test worker] o.s.b.w.embedded.tomcat.TomcatWebServer  : Tomcat initialized with port 28852 (http)
?[0m?[0;34m2024-11-02T20:56:26.997-04:00  INFO 22420 --- [    Test worker] o.apache.catalina.core.StandardService   : Starting service [Tomcat]
?[0m?[0;34m2024-11-02T20:56:26.998-04:00  INFO 22420 --- [    Test worker] o.apache.catalina.core.StandardEngine    : Starting Servlet engine: [Apache Tomcat/10.1.16]
?[0m?[0;34m2024-11-02T20:56:27.132-04:00  INFO 22420 --- [    Test worker] o.a.c.c.C.[Tomcat].[localhost].[/]       : Initializing Spring embedded WebApplicationContext
?[0m?[0;34m2024-11-02T20:56:27.135-04:00  INFO 22420 --- [    Test worker] w.s.c.ServletWebServerApplicationContext : Root WebApplicationContext: initialization completed in 3220 ms
?[0m?[0;34m2024-11-02T20:56:28.706-04:00  INFO 22420 --- [    Test worker] o.s.b.a.e.web.EndpointLinksResolver      : Exposing 14 endpoint(s) beneath base path '/actuator'
?[0m?[0;34m2024-11-02T20:56:28.929-04:00  INFO 22420 --- [    Test worker] o.s.b.w.embedded.tomcat.TomcatWebServer  : Tomcat started on port 28852 (http) with context path ''
?[0m?[0;34m2024-11-02T20:56:28.980-04:00  INFO 22420 --- [    Test worker] cinema.Main                              : Started Main in 5.983 seconds (process running for 7.854)
?[0;34m2024-11-02T20:56:30.006-04:00  INFO 22420 --- [io-28852-exec-1] o.a.c.c.C.[Tomcat].[localhost].[/]       : Initializing Spring DispatcherServlet 'dispatcherServlet'
?[0m?[0;34m2024-11-02T20:56:30.007-04:00  INFO 22420 --- [io-28852-exec-1] o.s.web.servlet.DispatcherServlet        : Initializing Servlet 'dispatcherServlet'
?[0m?[0;34m2024-11-02T20:56:30.010-04:00  INFO 22420 --- [io-28852-exec-1] o.s.web.servlet.DispatcherServlet        : Completed initialization in 2 ms
?[0m?[1;31m
Start test 2?[0m
?[1;31m
Start test 3?[0m
?[1;31m
Start test 4?[0m
?[1;31m
Start test 5?[0m
]]></system-out>
  <system-err><![CDATA[]]></system-err>
</testsuite>
